<?xml version="1.0" encoding="UTF-8"?>
<!-- Generated by org.testng.reporters.JUnitXMLReporter -->
<testsuite ignored="1" hostname="aida-PC" failures="0" tests="1" name="Default test" time="72.732" errors="0" timestamp="25 Oct 2019 01:52:12 GMT">
  <testcase classname="com.tajawal.tests.FlightSearchTests" name="secondScenario" time="59.215"/>
  <testcase classname="com.tajawal.tests.FlightSearchTests" name="firstScenario" time="0.0">
    <ignored/>
  </testcase> <!-- firstScenario -->
</testsuite> <!-- Default test -->
