<?xml version="1.0" encoding="UTF-8"?>
<testng-results ignored="1" total="2" passed="1" failed="0" skipped="0">
  <reporter-output>
  </reporter-output>
  <suite started-at="2019-10-25T01:50:59Z" name="Default suite" finished-at="2019-10-25T01:52:12Z" duration-ms="72732">
    <groups>
    </groups>
    <test started-at="2019-10-25T01:50:59Z" name="Default test" finished-at="2019-10-25T01:52:12Z" duration-ms="72732">
      <class name="com.tajawal.tests.FlightSearchTests">
        <test-method is-config="true" signature="setup()[pri:0, instance:com.tajawal.tests.FlightSearchTests@7ea37dbf]" started-at="2019-10-25T01:50:59Z" name="setup" finished-at="2019-10-25T01:51:12Z" duration-ms="13424" status="PASS">
          <reporter-output>
          </reporter-output>
        </test-method> <!-- setup -->
        <test-method signature="secondScenario(java.lang.String, java.lang.String)[pri:0, instance:com.tajawal.tests.FlightSearchTests@7ea37dbf]" started-at="2019-10-25T01:51:12Z" name="secondScenario" data-provider="languages" finished-at="2019-10-25T01:52:12Z" duration-ms="59215" status="PASS">
          <params>
            <param index="0">
              <value>
                <![CDATA[en]]>
              </value>
            </param>
            <param index="1">
              <value>
                <![CDATA[tajawal]]>
              </value>
            </param>
          </params>
          <reporter-output>
          </reporter-output>
        </test-method> <!-- secondScenario -->
      </class> <!-- com.tajawal.tests.FlightSearchTests -->
    </test> <!-- Default test -->
  </suite> <!-- Default suite -->
</testng-results>
